<?xml version="1.0" encoding="UTF-8"?>
<robot generator="Robot 4.1.1 (Python 3.9.7 on darwin)" generated="20210929 19:49:29.879" rpa="false" schemaversion="2">
<suite id="s1" name="Homepage" source="/Users/alexandrereboucas/Desktop/CGD_daily-banking-web/features/homepage.robot">
<test id="s1-t1" name="Scenario: Verify Favorite Current Accounts Added to Dashboard">
<kw name="Open Web browser" library="Hooks" type="SETUP">
<arg>https://app.tst.cgd.live.backbaseservices.com/business-banking-app</arg>
<arg>firefox</arg>
<kw name="Open Browser" library="SeleniumLibrary">
<arg>${URL}</arg>
<arg>${browser}</arg>
<doc>Opens a new browser instance to the optional ``url``.</doc>
<msg timestamp="20210929 19:49:30.039" level="INFO">Opening browser 'firefox' to base url 'https://app.tst.cgd.live.backbaseservices.com/business-banking-app'.</msg>
<msg timestamp="20210929 19:49:30.040" level="INFO">Firefox driver log is always forced to to: /Users/alexandrereboucas/Desktop/CGD_daily-banking-web/features/geckodriver-30.log</msg>
<status status="PASS" starttime="20210929 19:49:30.039" endtime="20210929 19:49:33.075"/>
</kw>
<kw name="Maximize Browser Window" library="SeleniumLibrary">
<doc>Maximizes current browser window.</doc>
<status status="PASS" starttime="20210929 19:49:33.075" endtime="20210929 19:49:33.700"/>
</kw>
<status status="PASS" starttime="20210929 19:49:30.039" endtime="20210929 19:49:33.700"/>
</kw>
<kw name="Given I am in the login page" library="LoginPage_keywords">
<kw name="Wait Until Element Is Visible" library="SeleniumLibrary">
<arg>${LAB_WELCOME_MESSAGE}</arg>
<doc>Waits until the element ``locator`` is visible.</doc>
<status status="PASS" starttime="20210929 19:49:33.701" endtime="20210929 19:49:34.135"/>
</kw>
<kw name="Wait Until Element Is Visible" library="SeleniumLibrary">
<arg>${TXT_USERNAME}</arg>
<doc>Waits until the element ``locator`` is visible.</doc>
<status status="PASS" starttime="20210929 19:49:34.135" endtime="20210929 19:49:34.149"/>
</kw>
<kw name="Wait Until Element Is Visible" library="SeleniumLibrary">
<arg>${TXT_PASSWORD}</arg>
<doc>Waits until the element ``locator`` is visible.</doc>
<status status="PASS" starttime="20210929 19:49:34.149" endtime="20210929 19:49:34.163"/>
</kw>
<kw name="Wait Until Element Is Visible" library="SeleniumLibrary">
<arg>${BTN_LOGIN}</arg>
<doc>Waits until the element ``locator`` is visible.</doc>
<status status="PASS" starttime="20210929 19:49:34.163" endtime="20210929 19:49:34.177"/>
</kw>
<kw name="Get Text" library="SeleniumLibrary">
<var>${TMP_WELCOME}</var>
<arg>${LAB_WELCOME_MESSAGE}</arg>
<doc>Returns the text value of the element identified by ``locator``.</doc>
<msg timestamp="20210929 19:49:34.192" level="INFO">${TMP_WELCOME} = Bem vindo(a) à Caixa.</msg>
<status status="PASS" starttime="20210929 19:49:34.177" endtime="20210929 19:49:34.193"/>
</kw>
<kw name="Should Be Equal As Strings" library="BuiltIn">
<arg>${TMP_WELCOME}</arg>
<arg>${TXT_WELCOME_PT_MESSAGE}</arg>
<doc>Fails if objects are unequal after converting them to strings.</doc>
<status status="PASS" starttime="20210929 19:49:34.193" endtime="20210929 19:49:34.193"/>
</kw>
<status status="PASS" starttime="20210929 19:49:33.700" endtime="20210929 19:49:34.193"/>
</kw>
<kw name="Given I am in the login page" library="LoginPage_keywords">
<kw name="Wait Until Element Is Visible" library="SeleniumLibrary">
<arg>${LAB_WELCOME_MESSAGE}</arg>
<doc>Waits until the element ``locator`` is visible.</doc>
<status status="PASS" starttime="20210929 19:49:34.194" endtime="20210929 19:49:34.207"/>
</kw>
<kw name="Wait Until Element Is Visible" library="SeleniumLibrary">
<arg>${TXT_USERNAME}</arg>
<doc>Waits until the element ``locator`` is visible.</doc>
<status status="PASS" starttime="20210929 19:49:34.207" endtime="20210929 19:49:34.220"/>
</kw>
<kw name="Wait Until Element Is Visible" library="SeleniumLibrary">
<arg>${TXT_PASSWORD}</arg>
<doc>Waits until the element ``locator`` is visible.</doc>
<status status="PASS" starttime="20210929 19:49:34.221" endtime="20210929 19:49:34.236"/>
</kw>
<kw name="Wait Until Element Is Visible" library="SeleniumLibrary">
<arg>${BTN_LOGIN}</arg>
<doc>Waits until the element ``locator`` is visible.</doc>
<status status="PASS" starttime="20210929 19:49:34.236" endtime="20210929 19:49:34.251"/>
</kw>
<kw name="Get Text" library="SeleniumLibrary">
<var>${TMP_WELCOME}</var>
<arg>${LAB_WELCOME_MESSAGE}</arg>
<doc>Returns the text value of the element identified by ``locator``.</doc>
<msg timestamp="20210929 19:49:34.260" level="INFO">${TMP_WELCOME} = Bem vindo(a) à Caixa.</msg>
<status status="PASS" starttime="20210929 19:49:34.251" endtime="20210929 19:49:34.260"/>
</kw>
<kw name="Should Be Equal As Strings" library="BuiltIn">
<arg>${TMP_WELCOME}</arg>
<arg>${TXT_WELCOME_PT_MESSAGE}</arg>
<doc>Fails if objects are unequal after converting them to strings.</doc>
<status status="PASS" starttime="20210929 19:49:34.260" endtime="20210929 19:49:34.261"/>
</kw>
<status status="PASS" starttime="20210929 19:49:34.194" endtime="20210929 19:49:34.261"/>
</kw>
<kw name="When I inform my credentials" library="LoginPage_keywords">
<arg>300000099</arg>
<arg>666777</arg>
<kw name="Input Text" library="SeleniumLibrary">
<arg>${TXT_USERNAME}</arg>
<arg>${username}</arg>
<doc>Types the given ``text`` into the text field identified by ``locator``.</doc>
<msg timestamp="20210929 19:49:34.262" level="INFO">Typing text '300000099' into text field 'xpath://input[@id="username"]'.</msg>
<status status="PASS" starttime="20210929 19:49:34.262" endtime="20210929 19:49:34.281"/>
</kw>
<kw name="Input Text" library="SeleniumLibrary">
<arg>${TXT_PASSWORD}</arg>
<arg>${password}</arg>
<doc>Types the given ``text`` into the text field identified by ``locator``.</doc>
<msg timestamp="20210929 19:49:34.282" level="INFO">Typing text '666777' into text field 'xpath://input[@id="password"]'.</msg>
<status status="PASS" starttime="20210929 19:49:34.281" endtime="20210929 19:49:34.307"/>
</kw>
<kw name="Click Element" library="SeleniumLibrary">
<arg>${BTN_LOGIN}</arg>
<doc>Click the element identified by ``locator``.</doc>
<msg timestamp="20210929 19:49:34.308" level="INFO">Clicking element 'xpath://input[@id="kc-login"]'.</msg>
<status status="PASS" starttime="20210929 19:49:34.307" endtime="20210929 19:49:34.664"/>
</kw>
<status status="PASS" starttime="20210929 19:49:34.261" endtime="20210929 19:49:34.664"/>
</kw>
<kw name="Then I must be taken to my homepage" library="HomePage_keywords">
<kw name="Wait Until Element Is Visible" library="SeleniumLibrary">
<arg>${TXT_CLIENT_NAME}</arg>
<arg>10</arg>
<doc>Waits until the element ``locator`` is visible.</doc>
<status status="PASS" starttime="20210929 19:49:34.665" endtime="20210929 19:49:38.772"/>
</kw>
<kw name="Get Text" library="SeleniumLibrary">
<var>${SCR_NAME}</var>
<arg>${TXT_CLIENT_NAME}</arg>
<doc>Returns the text value of the element identified by ``locator``.</doc>
<msg timestamp="20210929 19:49:38.782" level="INFO">${SCR_NAME} = Ana Moura</msg>
<status status="PASS" starttime="20210929 19:49:38.772" endtime="20210929 19:49:38.782"/>
</kw>
<kw name="Convert To Upper Case" library="String">
<var>${SCR_NAME}</var>
<arg>${SCR_NAME}</arg>
<doc>Converts string to upper case.</doc>
<msg timestamp="20210929 19:49:38.782" level="INFO">${SCR_NAME} = ANA MOURA</msg>
<status status="PASS" starttime="20210929 19:49:38.782" endtime="20210929 19:49:38.782"/>
</kw>
<kw name="Should Be Equal As Strings" library="BuiltIn">
<arg>${SCR_NAME}</arg>
<arg>${CLIENT_FULLNAME}</arg>
<doc>Fails if objects are unequal after converting them to strings.</doc>
<status status="PASS" starttime="20210929 19:49:38.782" endtime="20210929 19:49:38.783"/>
</kw>
<status status="PASS" starttime="20210929 19:49:34.665" endtime="20210929 19:49:38.783"/>
</kw>
<kw name="And I need to see all my favorite current accounts" library="HomePage_keywords">
<kw name="Wait Until Element Is Visible" library="SeleniumLibrary">
<arg>${TXT_FAVORITES_BAR}</arg>
<arg>10</arg>
<doc>Waits until the element ``locator`` is visible.</doc>
<status status="PASS" starttime="20210929 19:49:38.784" endtime="20210929 19:49:39.689"/>
</kw>
<kw name="Click Element" library="SeleniumLibrary">
<arg>${PANEL_FAVORITE_ACCOUNT}</arg>
<doc>Click the element identified by ``locator``.</doc>
<msg timestamp="20210929 19:49:39.690" level="INFO">Clicking element 'xpath://div[contains(text(), "Conta à ordem 5000000000002")]/ancestor::div[@class="card bb-accounts--favorite bb-accounts-current-account"]'.</msg>
<status status="PASS" starttime="20210929 19:49:39.690" endtime="20210929 19:49:40.031"/>
</kw>
<status status="PASS" starttime="20210929 19:49:38.783" endtime="20210929 19:49:40.032"/>
</kw>
<status status="PASS" starttime="20210929 19:49:30.038" endtime="20210929 19:49:40.032"/>
</test>
<status status="PASS" starttime="20210929 19:49:29.882" endtime="20210929 19:49:40.033"/>
</suite>
<statistics>
<total>
<stat pass="1" fail="0" skip="0">All Tests</stat>
</total>
<tag>
</tag>
<suite>
<stat pass="1" fail="0" skip="0" id="s1" name="Homepage">Homepage</stat>
</suite>
</statistics>
<errors>
</errors>
</robot>
