<?xml version="1.0" encoding="UTF-8"?>
<robot generator="Robot 4.1.1 (Python 3.9.7 on darwin)" generated="20211011 20:00:04.393" rpa="false" schemaversion="2">
<suite id="s1" name="Payments" source="/Users/alexandrereboucas/Desktop/CGD_daily-banking-web/features/payments.robot">
<test id="s1-t1" name="Scenario: Submit a Service Payment Successfully">
<kw name="Open Web browser" library="Hooks" type="SETUP">
<arg>https://app.tst.cgd.live.backbaseservices.com/business-banking-app</arg>
<arg>firefox</arg>
<kw name="Open Browser" library="SeleniumLibrary">
<arg>${URL}</arg>
<arg>${browser}</arg>
<doc>Opens a new browser instance to the optional ``url``.</doc>
<msg timestamp="20211011 20:00:04.558" level="INFO">Opening browser 'firefox' to base url 'https://app.tst.cgd.live.backbaseservices.com/business-banking-app'.</msg>
<msg timestamp="20211011 20:00:04.559" level="INFO">Firefox driver log is always forced to to: /Users/alexandrereboucas/Desktop/CGD_daily-banking-web/results/geckodriver-22.log</msg>
<status status="PASS" starttime="20211011 20:00:04.558" endtime="20211011 20:00:08.353"/>
</kw>
<kw name="Maximize Browser Window" library="SeleniumLibrary">
<doc>Maximizes current browser window.</doc>
<status status="PASS" starttime="20211011 20:00:08.353" endtime="20211011 20:00:08.959"/>
</kw>
<status status="PASS" starttime="20211011 20:00:04.558" endtime="20211011 20:00:08.960"/>
</kw>
<kw name="Given I am logged on the application" library="HomePage_steps">
<arg>300000004</arg>
<arg>159357</arg>
<kw name="I am in the login page" library="LoginPage_steps">
<kw name="Wait Until Element Is Visible" library="SeleniumLibrary">
<arg>${MAP_WELCOME_MESSAGE}</arg>
<doc>Waits until the element ``locator`` is visible.</doc>
<status status="PASS" starttime="20211011 20:00:08.961" endtime="20211011 20:00:09.607"/>
</kw>
<kw name="Wait Until Element Is Visible" library="SeleniumLibrary">
<arg>${MAP_USERNAME}</arg>
<doc>Waits until the element ``locator`` is visible.</doc>
<status status="PASS" starttime="20211011 20:00:09.607" endtime="20211011 20:00:09.623"/>
</kw>
<kw name="Wait Until Element Is Visible" library="SeleniumLibrary">
<arg>${MAP_PASSWORD}</arg>
<doc>Waits until the element ``locator`` is visible.</doc>
<status status="PASS" starttime="20211011 20:00:09.623" endtime="20211011 20:00:09.638"/>
</kw>
<kw name="Wait Until Element Is Visible" library="SeleniumLibrary">
<arg>${MAP_LOGIN_BUTTON}</arg>
<doc>Waits until the element ``locator`` is visible.</doc>
<status status="PASS" starttime="20211011 20:00:09.638" endtime="20211011 20:00:09.652"/>
</kw>
<kw name="Get Text" library="SeleniumLibrary">
<var>${VAR_WELCOME}</var>
<arg>${MAP_WELCOME_MESSAGE}</arg>
<doc>Returns the text value of the element identified by ``locator``.</doc>
<msg timestamp="20211011 20:00:09.669" level="INFO">${VAR_WELCOME} = A Caixa dá as boas-vindas à sua empresa.</msg>
<status status="PASS" starttime="20211011 20:00:09.652" endtime="20211011 20:00:09.669"/>
</kw>
<kw name="Should Be Equal As Strings" library="BuiltIn">
<arg>${VAR_WELCOME}</arg>
<arg>${DATA_WELCOME_MESSAGE}</arg>
<doc>Fails if objects are unequal after converting them to strings.</doc>
<status status="PASS" starttime="20211011 20:00:09.669" endtime="20211011 20:00:09.670"/>
</kw>
<status status="PASS" starttime="20211011 20:00:08.961" endtime="20211011 20:00:09.670"/>
</kw>
<kw name="I inform my credentials" library="LoginPage_steps">
<arg>${arg_username}</arg>
<arg>${arg_password}</arg>
<kw name="Input Text" library="SeleniumLibrary">
<arg>${MAP_USERNAME}</arg>
<arg>${arg_username}</arg>
<doc>Types the given ``text`` into the text field identified by ``locator``.</doc>
<msg timestamp="20211011 20:00:09.671" level="INFO">Typing text '300000004' into text field 'xpath://input[@id="username"]'.</msg>
<status status="PASS" starttime="20211011 20:00:09.671" endtime="20211011 20:00:09.689"/>
</kw>
<kw name="Input Text" library="SeleniumLibrary">
<arg>${MAP_PASSWORD}</arg>
<arg>${arg_password}</arg>
<doc>Types the given ``text`` into the text field identified by ``locator``.</doc>
<msg timestamp="20211011 20:00:09.690" level="INFO">Typing text '159357' into text field 'xpath://input[@id="password"]'.</msg>
<status status="PASS" starttime="20211011 20:00:09.690" endtime="20211011 20:00:09.712"/>
</kw>
<kw name="Click Element" library="SeleniumLibrary">
<arg>${MAP_LOGIN_BUTTON}</arg>
<doc>Click the element identified by ``locator``.</doc>
<msg timestamp="20211011 20:00:09.713" level="INFO">Clicking element 'xpath://input[@id="kc-login"]'.</msg>
<status status="PASS" starttime="20211011 20:00:09.712" endtime="20211011 20:00:10.102"/>
</kw>
<status status="PASS" starttime="20211011 20:00:09.670" endtime="20211011 20:00:10.102"/>
</kw>
<status status="PASS" starttime="20211011 20:00:08.960" endtime="20211011 20:00:10.103"/>
</kw>
<kw name="And I choose the Services menu option on Payments section" library="HomePage_steps">
<kw name="Wait Until Element Is Visible" library="SeleniumLibrary">
<arg>${MAP_MENU_OPTION_SERVICES}</arg>
<arg>10</arg>
<doc>Waits until the element ``locator`` is visible.</doc>
<status status="PASS" starttime="20211011 20:00:10.104" endtime="20211011 20:00:13.792"/>
</kw>
<kw name="Click Element" library="SeleniumLibrary">
<arg>${MAP_MENU_OPTION_SERVICES}</arg>
<doc>Click the element identified by ``locator``.</doc>
<msg timestamp="20211011 20:00:13.792" level="INFO">Clicking element '//li[@class="bb-navigation__item"]//child::a[@href="#/servicos"]'.</msg>
<status status="PASS" starttime="20211011 20:00:13.792" endtime="20211011 20:00:13.864"/>
</kw>
<status status="PASS" starttime="20211011 20:00:10.103" endtime="20211011 20:00:13.864"/>
</kw>
<kw name="And I fill out the service payment form with the right values" library="PaymentsPage_steps">
<kw name="Set Selenium Speed" library="SeleniumLibrary">
<arg>1</arg>
<doc>Sets the delay that is waited after each Selenium command.</doc>
<status status="PASS" starttime="20211011 20:00:13.865" endtime="20211011 20:00:13.865"/>
</kw>
<kw name="Wait Until Element Is Visible" library="SeleniumLibrary">
<arg>${MAP_SCREEN_NAME}</arg>
<arg>10</arg>
<doc>Waits until the element ``locator`` is visible.</doc>
<status status="PASS" starttime="20211011 20:00:13.865" endtime="20211011 20:00:16.055"/>
</kw>
<kw name="Get Text" library="SeleniumLibrary">
<var>${VAR_SCREEN_NAME}</var>
<arg>${MAP_SCREEN_NAME}</arg>
<doc>Returns the text value of the element identified by ``locator``.</doc>
<msg timestamp="20211011 20:00:18.078" level="INFO">${VAR_SCREEN_NAME} = Serviços</msg>
<status status="PASS" starttime="20211011 20:00:16.055" endtime="20211011 20:00:18.078"/>
</kw>
<kw name="Convert To Upper Case" library="String">
<var>${VAR_SCREEN_NAME}</var>
<arg>${VAR_SCREEN_NAME}</arg>
<doc>Converts string to upper case.</doc>
<msg timestamp="20211011 20:00:18.079" level="INFO">${VAR_SCREEN_NAME} = SERVIÇOS</msg>
<status status="PASS" starttime="20211011 20:00:18.078" endtime="20211011 20:00:18.079"/>
</kw>
<kw name="Should Be Equal As Strings" library="BuiltIn">
<arg>${VAR_SCREEN_NAME}</arg>
<arg>${DATA_SERV_NAME}</arg>
<doc>Fails if objects are unequal after converting them to strings.</doc>
<status status="PASS" starttime="20211011 20:00:18.079" endtime="20211011 20:00:18.080"/>
</kw>
<kw name="Set Selenium Speed" library="SeleniumLibrary">
<arg>0</arg>
<doc>Sets the delay that is waited after each Selenium command.</doc>
<status status="PASS" starttime="20211011 20:00:18.080" endtime="20211011 20:00:18.080"/>
</kw>
<kw name="Wait Until Element Is Visible" library="SeleniumLibrary">
<arg>${MAP_SERV_MAIN_ORIGIN_ACCOUNT_LIST}</arg>
<arg>10</arg>
<doc>Waits until the element ``locator`` is visible.</doc>
<status status="PASS" starttime="20211011 20:00:18.080" endtime="20211011 20:00:18.099"/>
</kw>
<kw name="Click Element" library="SeleniumLibrary">
<arg>${MAP_SERV_MAIN_ORIGIN_ACCOUNT_LIST}</arg>
<doc>Click the element identified by ``locator``.</doc>
<msg timestamp="20211011 20:00:18.099" level="INFO">Clicking element 'xpath://span[@class="ng-arrow-wrapper"]'.</msg>
<status status="PASS" starttime="20211011 20:00:18.099" endtime="20211011 20:00:18.393"/>
</kw>
<kw name="Wait Until Element Is Visible" library="SeleniumLibrary">
<arg>${MAP_SERV_MAIN_FIRST_ORIGIN_ACCOUNT}</arg>
<arg>10</arg>
<doc>Waits until the element ``locator`` is visible.</doc>
<status status="PASS" starttime="20211011 20:00:18.393" endtime="20211011 20:00:18.411"/>
</kw>
<kw name="Click Element" library="SeleniumLibrary">
<arg>${MAP_SERV_MAIN_FIRST_ORIGIN_ACCOUNT}</arg>
<doc>Click the element identified by ``locator``.</doc>
<msg timestamp="20211011 20:00:18.411" level="INFO">Clicking element 'xpath://ng-dropdown-panel[@class="ng-dropdown-panel ng-select-bottom"]/div[2]/div[2]/div[1]'.</msg>
<status status="PASS" starttime="20211011 20:00:18.411" endtime="20211011 20:00:18.672"/>
</kw>
<kw name="Wait Until Element Is Visible" library="SeleniumLibrary">
<arg>${MAP_SERV_MAIN_INTEGER_AMOUNT}</arg>
<arg>10</arg>
<doc>Waits until the element ``locator`` is visible.</doc>
<status status="PASS" starttime="20211011 20:00:18.672" endtime="20211011 20:00:18.691"/>
</kw>
<kw name="Input Text" library="SeleniumLibrary">
<arg>${MAP_SERV_MAIN_INTEGER_AMOUNT}</arg>
<arg>${DATA_SERV_INTEGER_AMOUNT}</arg>
<doc>Types the given ``text`` into the text field identified by ``locator``.</doc>
<msg timestamp="20211011 20:00:18.692" level="INFO">Typing text '1000' into text field 'xpath://input[@id="bb_element_11"]'.</msg>
<status status="PASS" starttime="20211011 20:00:18.691" endtime="20211011 20:00:18.769"/>
</kw>
<kw name="Wait Until Element Is Visible" library="SeleniumLibrary">
<arg>${MAP_SERV_MAIN_DECIMAL_AMOUNT}</arg>
<arg>10</arg>
<doc>Waits until the element ``locator`` is visible.</doc>
<status status="PASS" starttime="20211011 20:00:18.769" endtime="20211011 20:00:18.784"/>
</kw>
<kw name="Input Text" library="SeleniumLibrary">
<arg>${MAP_SERV_MAIN_DECIMAL_AMOUNT}</arg>
<arg>${DATA_SERV_DECIMAL_AMOUNT}</arg>
<doc>Types the given ``text`` into the text field identified by ``locator``.</doc>
<msg timestamp="20211011 20:00:18.784" level="INFO">Typing text '50' into text field 'xpath://input[@id="bb_element_9"]'.</msg>
<status status="PASS" starttime="20211011 20:00:18.784" endtime="20211011 20:00:18.821"/>
</kw>
<kw name="Wait Until Element Is Visible" library="SeleniumLibrary">
<arg>${MAP_SERV_MAIN_ENTITY_ID}</arg>
<arg>10</arg>
<doc>Waits until the element ``locator`` is visible.</doc>
<status status="PASS" starttime="20211011 20:00:18.821" endtime="20211011 20:00:18.835"/>
</kw>
<kw name="Press Keys" library="SeleniumLibrary">
<arg>${MAP_SERV_MAIN_ENTITY_ID}</arg>
<arg>${DATA_SERV_ENTITY_ID}</arg>
<doc>Simulates the user pressing key(s) to an element or on the active browser.</doc>
<msg timestamp="20211011 20:00:18.836" level="INFO">Sending key(s) ('12345',) to xpath://input[@id="bb_input_3"] element.</msg>
<msg timestamp="20211011 20:00:19.124" level="INFO">Sending keys 12345</msg>
<status status="PASS" starttime="20211011 20:00:18.835" endtime="20211011 20:00:19.186"/>
</kw>
<kw name="Wait Until Element Is Visible" library="SeleniumLibrary">
<arg>${MAP_SERV_MAIN_REFERENCE_ID}</arg>
<arg>10</arg>
<doc>Waits until the element ``locator`` is visible.</doc>
<status status="PASS" starttime="20211011 20:00:19.186" endtime="20211011 20:00:19.204"/>
</kw>
<kw name="Press Keys" library="SeleniumLibrary">
<arg>${MAP_SERV_MAIN_REFERENCE_ID}</arg>
<arg>${DATA_SERV_REFERENCE_ID}</arg>
<doc>Simulates the user pressing key(s) to an element or on the active browser.</doc>
<msg timestamp="20211011 20:00:19.204" level="INFO">Sending key(s) ('123456789',) to xpath://input[@id="bb_input_4"] element.</msg>
<msg timestamp="20211011 20:00:19.498" level="INFO">Sending keys 123456789</msg>
<status status="PASS" starttime="20211011 20:00:19.204" endtime="20211011 20:00:19.591"/>
</kw>
<status status="PASS" starttime="20211011 20:00:13.864" endtime="20211011 20:00:19.592"/>
</kw>
<kw name="When I confirm service payment form" library="PaymentsPage_steps">
<kw name="Wait Until Element Is Visible" library="SeleniumLibrary">
<arg>${MAP_SERV_MAIN_CONFIRMATION_BUTTON}</arg>
<arg>10</arg>
<doc>Waits until the element ``locator`` is visible.</doc>
<status status="PASS" starttime="20211011 20:00:19.592" endtime="20211011 20:00:19.608"/>
</kw>
<kw name="Click Element" library="SeleniumLibrary">
<arg>${MAP_SERV_MAIN_CONFIRMATION_BUTTON}</arg>
<doc>Click the element identified by ``locator``.</doc>
<msg timestamp="20211011 20:00:19.608" level="INFO">Clicking element 'xpath://bb-load-button-ui[@class="bb-button-bar__button"]'.</msg>
<status status="PASS" starttime="20211011 20:00:19.608" endtime="20211011 20:00:19.856"/>
</kw>
<kw name="Verify if the values on the Service review page are the same as the main page" library="PaymentsPage_keywords">
<kw name="Wait Until Element Is Visible" library="SeleniumLibrary">
<arg>${MAP_SERV_REVIEW_ORIGIN_ACCOUNT_LIST}</arg>
<arg>10</arg>
<doc>Waits until the element ``locator`` is visible.</doc>
<status status="PASS" starttime="20211011 20:00:19.857" endtime="20211011 20:00:20.081"/>
</kw>
<kw name="Get Text" library="SeleniumLibrary">
<var>${VAR_SERV_REVIEW_ORIGIN_ACCOUNT_LIST}</var>
<arg>${MAP_SERV_REVIEW_ORIGIN_ACCOUNT_LIST}</arg>
<doc>Returns the text value of the element identified by ``locator``.</doc>
<msg timestamp="20211011 20:00:20.092" level="INFO">${VAR_SERV_REVIEW_ORIGIN_ACCOUNT_LIST} = PT50 0035 0186 0590 8571 4745 8</msg>
<status status="PASS" starttime="20211011 20:00:20.081" endtime="20211011 20:00:20.092"/>
</kw>
<kw name="Wait Until Element Is Visible" library="SeleniumLibrary">
<arg>${MAP_SERV_REVIEW_ENTITY_ID}</arg>
<arg>10</arg>
<doc>Waits until the element ``locator`` is visible.</doc>
<status status="PASS" starttime="20211011 20:00:20.093" endtime="20211011 20:00:20.107"/>
</kw>
<kw name="Get Text" library="SeleniumLibrary">
<var>${VAR_SERV_REVIEW_ENTITY_ID}</var>
<arg>${MAP_SERV_REVIEW_ENTITY_ID}</arg>
<doc>Returns the text value of the element identified by ``locator``.</doc>
<msg timestamp="20211011 20:00:20.117" level="INFO">${VAR_SERV_REVIEW_ENTITY_ID} = 12345</msg>
<status status="PASS" starttime="20211011 20:00:20.107" endtime="20211011 20:00:20.117"/>
</kw>
<kw name="Wait Until Element Is Visible" library="SeleniumLibrary">
<arg>${MAP_SERV_REVIEW_REFERENCE_ID}</arg>
<arg>10</arg>
<doc>Waits until the element ``locator`` is visible.</doc>
<status status="PASS" starttime="20211011 20:00:20.117" endtime="20211011 20:00:20.131"/>
</kw>
<kw name="Get Text" library="SeleniumLibrary">
<var>${VAR_SERV_REVIEW_REFERENCE_ID}</var>
<arg>${MAP_SERV_REVIEW_REFERENCE_ID}</arg>
<doc>Returns the text value of the element identified by ``locator``.</doc>
<msg timestamp="20211011 20:00:20.140" level="INFO">${VAR_SERV_REVIEW_REFERENCE_ID} = 123456789</msg>
<status status="PASS" starttime="20211011 20:00:20.131" endtime="20211011 20:00:20.140"/>
</kw>
<kw name="Wait Until Element Is Visible" library="SeleniumLibrary">
<arg>${MAP_SERV_REVIEW_INTEGER_AMOUNT}</arg>
<arg>10</arg>
<doc>Waits until the element ``locator`` is visible.</doc>
<status status="PASS" starttime="20211011 20:00:20.141" endtime="20211011 20:00:20.155"/>
</kw>
<kw name="Get Text" library="SeleniumLibrary">
<var>${VAR_SERV_REVIEW_INTEGER_AMOUNT}</var>
<arg>${MAP_SERV_REVIEW_INTEGER_AMOUNT}</arg>
<doc>Returns the text value of the element identified by ``locator``.</doc>
<msg timestamp="20211011 20:00:20.164" level="INFO">${VAR_SERV_REVIEW_INTEGER_AMOUNT} = 1.000</msg>
<status status="PASS" starttime="20211011 20:00:20.155" endtime="20211011 20:00:20.164"/>
</kw>
<kw name="Wait Until Element Is Visible" library="SeleniumLibrary">
<arg>${MAP_SERV_REVIEW_DECIMAL_AMOUNT}</arg>
<arg>10</arg>
<doc>Waits until the element ``locator`` is visible.</doc>
<status status="PASS" starttime="20211011 20:00:20.164" endtime="20211011 20:00:20.177"/>
</kw>
<kw name="Get Text" library="SeleniumLibrary">
<var>${VAR_SERV_REVIEW_DECIMAL_AMOUNT}</var>
<arg>${MAP_SERV_REVIEW_DECIMAL_AMOUNT}</arg>
<doc>Returns the text value of the element identified by ``locator``.</doc>
<msg timestamp="20211011 20:00:20.186" level="INFO">${VAR_SERV_REVIEW_DECIMAL_AMOUNT} = 50</msg>
<status status="PASS" starttime="20211011 20:00:20.177" endtime="20211011 20:00:20.186"/>
</kw>
<kw name="Wait Until Element Is Visible" library="SeleniumLibrary">
<arg>${MAP_SERV_REVIEW_TRANSACTION_COSTS_INTEGER}</arg>
<arg>10</arg>
<doc>Waits until the element ``locator`` is visible.</doc>
<status status="PASS" starttime="20211011 20:00:20.186" endtime="20211011 20:00:20.199"/>
</kw>
<kw name="Get Text" library="SeleniumLibrary">
<var>${VAR_SERV_REVIEW_TRANSACTION_COSTS_INTEGER}</var>
<arg>${MAP_SERV_REVIEW_TRANSACTION_COSTS_INTEGER}</arg>
<doc>Returns the text value of the element identified by ``locator``.</doc>
<msg timestamp="20211011 20:00:20.207" level="INFO">${VAR_SERV_REVIEW_TRANSACTION_COSTS_INTEGER} = 0</msg>
<status status="PASS" starttime="20211011 20:00:20.199" endtime="20211011 20:00:20.207"/>
</kw>
<kw name="Wait Until Element Is Visible" library="SeleniumLibrary">
<arg>${MAP_SERV_REVIEW_TRANSACTION_COSTS_DECIMAL}</arg>
<arg>10</arg>
<doc>Waits until the element ``locator`` is visible.</doc>
<status status="PASS" starttime="20211011 20:00:20.207" endtime="20211011 20:00:20.218"/>
</kw>
<kw name="Get Text" library="SeleniumLibrary">
<var>${VAR_SERV_REVIEW_TRANSACTION_COSTS_DECIMAL}</var>
<arg>${MAP_SERV_REVIEW_TRANSACTION_COSTS_DECIMAL}</arg>
<doc>Returns the text value of the element identified by ``locator``.</doc>
<msg timestamp="20211011 20:00:20.225" level="INFO">${VAR_SERV_REVIEW_TRANSACTION_COSTS_DECIMAL} = 00</msg>
<status status="PASS" starttime="20211011 20:00:20.218" endtime="20211011 20:00:20.225"/>
</kw>
<status status="PASS" starttime="20211011 20:00:19.857" endtime="20211011 20:00:20.225"/>
</kw>
<status status="PASS" starttime="20211011 20:00:19.592" endtime="20211011 20:00:20.225"/>
</kw>
<kw name="And I submit the transfer on the review payment screen" library="PaymentsPage_steps">
<kw name="No Operation" library="BuiltIn">
<doc>Does absolutely nothing.</doc>
<status status="PASS" starttime="20211011 20:00:20.226" endtime="20211011 20:00:20.226"/>
</kw>
<status status="PASS" starttime="20211011 20:00:20.226" endtime="20211011 20:00:20.226"/>
</kw>
<tag>alex</tag>
<tag>SP1-AC1</tag>
<status status="PASS" starttime="20211011 20:00:04.557" endtime="20211011 20:00:20.226"/>
</test>
<status status="PASS" starttime="20211011 20:00:04.394" endtime="20211011 20:00:20.227"/>
</suite>
<statistics>
<total>
<stat pass="1" fail="0" skip="0">All Tests</stat>
</total>
<tag>
<stat pass="1" fail="0" skip="0">alex</stat>
<stat pass="1" fail="0" skip="0">SP1-AC1</stat>
</tag>
<suite>
<stat pass="1" fail="0" skip="0" id="s1" name="Payments">Payments</stat>
</suite>
</statistics>
<errors>
</errors>
</robot>
