<?xml version="1.0" encoding="UTF-8"?>
<robot generator="Robot 4.1.1 (Python 3.9.7 on darwin)" generated="20211021 13:01:15.260" rpa="false" schemaversion="2">
<suite id="s1" name="Transfers" source="/Users/alexandrereboucas/Desktop/CGD_daily-banking-web/features/Transfers.robot">
<test id="s1-t1" name="Scenario: Submit a transfer between International Accounts Successfully">
<kw name="Open Web browser" library="Hooks" type="SETUP">
<arg>https://app.tst.cgd.live.backbaseservices.com/business-banking-app</arg>
<arg>firefox</arg>
<kw name="Open Browser" library="SeleniumLibrary">
<arg>${URL}</arg>
<arg>${browser}</arg>
<doc>Opens a new browser instance to the optional ``url``.</doc>
<msg timestamp="20211021 13:01:15.431" level="INFO">Opening browser 'firefox' to base url 'https://app.tst.cgd.live.backbaseservices.com/business-banking-app'.</msg>
<msg timestamp="20211021 13:01:15.432" level="INFO">Firefox driver log is always forced to to: /Users/alexandrereboucas/Desktop/CGD_daily-banking-web/results/geckodriver-8.log</msg>
<status status="PASS" starttime="20211021 13:01:15.431" endtime="20211021 13:01:18.445"/>
</kw>
<kw name="Maximize Browser Window" library="SeleniumLibrary">
<doc>Maximizes current browser window.</doc>
<status status="PASS" starttime="20211021 13:01:18.445" endtime="20211021 13:01:19.049"/>
</kw>
<status status="PASS" starttime="20211021 13:01:15.430" endtime="20211021 13:01:19.050"/>
</kw>
<kw name="Given I am logged on the application" library="HomePage_steps">
<arg>300000099</arg>
<arg>666777</arg>
<kw name="I am in the login page" library="LoginPage_steps">
<kw name="Wait Until Element Is Visible" library="SeleniumLibrary">
<arg>${MAP_WELCOME_MESSAGE}</arg>
<doc>Waits until the element ``locator`` is visible.</doc>
<status status="PASS" starttime="20211021 13:01:19.051" endtime="20211021 13:01:19.704"/>
</kw>
<kw name="Wait Until Element Is Visible" library="SeleniumLibrary">
<arg>${MAP_USERNAME}</arg>
<doc>Waits until the element ``locator`` is visible.</doc>
<status status="PASS" starttime="20211021 13:01:19.704" endtime="20211021 13:01:19.722"/>
</kw>
<kw name="Wait Until Element Is Visible" library="SeleniumLibrary">
<arg>${MAP_PASSWORD}</arg>
<doc>Waits until the element ``locator`` is visible.</doc>
<status status="PASS" starttime="20211021 13:01:19.722" endtime="20211021 13:01:19.740"/>
</kw>
<kw name="Wait Until Element Is Visible" library="SeleniumLibrary">
<arg>${MAP_LOGIN_BUTTON}</arg>
<doc>Waits until the element ``locator`` is visible.</doc>
<status status="PASS" starttime="20211021 13:01:19.740" endtime="20211021 13:01:19.759"/>
</kw>
<kw name="Get Text" library="SeleniumLibrary">
<var>${VAR_WELCOME}</var>
<arg>${MAP_WELCOME_MESSAGE}</arg>
<doc>Returns the text value of the element identified by ``locator``.</doc>
<msg timestamp="20211021 13:01:19.775" level="INFO">${VAR_WELCOME} = A Caixa dá as boas-vindas à sua empresa.</msg>
<status status="PASS" starttime="20211021 13:01:19.759" endtime="20211021 13:01:19.775"/>
</kw>
<kw name="Should Be Equal As Strings" library="BuiltIn">
<arg>${VAR_WELCOME}</arg>
<arg>${DATA_WELCOME_MESSAGE}</arg>
<doc>Fails if objects are unequal after converting them to strings.</doc>
<status status="PASS" starttime="20211021 13:01:19.775" endtime="20211021 13:01:19.775"/>
</kw>
<status status="PASS" starttime="20211021 13:01:19.051" endtime="20211021 13:01:19.776"/>
</kw>
<kw name="I inform my credentials" library="LoginPage_steps">
<arg>${arg_username}</arg>
<arg>${arg_password}</arg>
<kw name="Input Text" library="SeleniumLibrary">
<arg>${MAP_USERNAME}</arg>
<arg>${arg_username}</arg>
<doc>Types the given ``text`` into the text field identified by ``locator``.</doc>
<msg timestamp="20211021 13:01:19.777" level="INFO">Typing text '300000099' into text field 'xpath://input[@id="username"]'.</msg>
<status status="PASS" starttime="20211021 13:01:19.776" endtime="20211021 13:01:19.795"/>
</kw>
<kw name="Input Text" library="SeleniumLibrary">
<arg>${MAP_PASSWORD}</arg>
<arg>${arg_password}</arg>
<doc>Types the given ``text`` into the text field identified by ``locator``.</doc>
<msg timestamp="20211021 13:01:19.795" level="INFO">Typing text '666777' into text field 'xpath://input[@id="password"]'.</msg>
<status status="PASS" starttime="20211021 13:01:19.795" endtime="20211021 13:01:19.819"/>
</kw>
<kw name="Click Element" library="SeleniumLibrary">
<arg>${MAP_LOGIN_BUTTON}</arg>
<doc>Click the element identified by ``locator``.</doc>
<msg timestamp="20211021 13:01:19.819" level="INFO">Clicking element 'xpath://input[@id="kc-login"]'.</msg>
<status status="PASS" starttime="20211021 13:01:19.819" endtime="20211021 13:01:20.258"/>
</kw>
<kw name="Run Keyword And Ignore Error" library="BuiltIn">
<arg>I must select which Context I want to use</arg>
<doc>Runs the given keyword with the given arguments and ignores possible error.</doc>
<kw name="I must select which Context I want to use" library="LoginPage_steps">
<kw name="Wait Until Element Is Visible" library="SeleniumLibrary">
<arg>xpath://div[@class="list-group-item list-group-item-action bb-select-context__item first"]</arg>
<arg>10</arg>
<doc>Waits until the element ``locator`` is visible.</doc>
<status status="PASS" starttime="20211021 13:01:20.259" endtime="20211021 13:01:22.608"/>
</kw>
<kw name="Click Element" library="SeleniumLibrary">
<arg>xpath://div[@class="list-group-item list-group-item-action bb-select-context__item first"]</arg>
<doc>Click the element identified by ``locator``.</doc>
<msg timestamp="20211021 13:01:22.608" level="INFO">Clicking element 'xpath://div[@class="list-group-item list-group-item-action bb-select-context__item first"]'.</msg>
<status status="PASS" starttime="20211021 13:01:22.608" endtime="20211021 13:01:22.827"/>
</kw>
<status status="PASS" starttime="20211021 13:01:20.259" endtime="20211021 13:01:22.827"/>
</kw>
<status status="PASS" starttime="20211021 13:01:20.258" endtime="20211021 13:01:22.828"/>
</kw>
<status status="PASS" starttime="20211021 13:01:19.776" endtime="20211021 13:01:22.828"/>
</kw>
<status status="PASS" starttime="20211021 13:01:19.050" endtime="20211021 13:01:22.828"/>
</kw>
<kw name="And I choose the International Account menu option on Transfers section" library="HomePage_steps">
<kw name="Wait Until Element Is Visible" library="SeleniumLibrary">
<arg>${MAP_MENU_OPTION_INTERNATIONAL_ACCOUNTS}</arg>
<arg>10</arg>
<doc>Waits until the element ``locator`` is visible.</doc>
<status status="PASS" starttime="20211021 13:01:22.829" endtime="20211021 13:01:24.032"/>
</kw>
<kw name="Click Element" library="SeleniumLibrary">
<arg>${MAP_MENU_OPTION_INTERNATIONAL_ACCOUNTS}</arg>
<doc>Click the element identified by ``locator``.</doc>
<msg timestamp="20211021 13:01:24.032" level="INFO">Clicking element '//li[@class="bb-navigation__item"]//child::a[@href="#/contas-internacionais"]'.</msg>
<status status="PASS" starttime="20211021 13:01:24.032" endtime="20211021 13:01:24.055"/>
</kw>
<status status="PASS" starttime="20211021 13:01:22.828" endtime="20211021 13:01:24.055"/>
</kw>
<kw name="And I fill out the International Account Transfer form with the right values" library="TransfersPage_steps">
<kw name="Set Selenium Speed" library="SeleniumLibrary">
<arg>1</arg>
<doc>Sets the delay that is waited after each Selenium command.</doc>
<status status="PASS" starttime="20211021 13:01:24.056" endtime="20211021 13:01:24.057"/>
</kw>
<kw name="Wait Until Element Is Visible" library="SeleniumLibrary">
<arg>${MAP_SCREEN_NAME}</arg>
<arg>10</arg>
<doc>Waits until the element ``locator`` is visible.</doc>
<status status="PASS" starttime="20211021 13:01:24.057" endtime="20211021 13:01:26.281"/>
</kw>
<kw name="Get Text" library="SeleniumLibrary">
<var>${VAR_SCREEN_NAME}</var>
<arg>${MAP_SCREEN_NAME}</arg>
<doc>Returns the text value of the element identified by ``locator``.</doc>
<msg timestamp="20211021 13:01:28.303" level="INFO">${VAR_SCREEN_NAME} = Contas internacionais</msg>
<status status="PASS" starttime="20211021 13:01:26.282" endtime="20211021 13:01:28.303"/>
</kw>
<kw name="Convert To Upper Case" library="String">
<var>${VAR_SCREEN_NAME}</var>
<arg>${VAR_SCREEN_NAME}</arg>
<doc>Converts string to upper case.</doc>
<msg timestamp="20211021 13:01:28.304" level="INFO">${VAR_SCREEN_NAME} = CONTAS INTERNACIONAIS</msg>
<status status="PASS" starttime="20211021 13:01:28.303" endtime="20211021 13:01:28.304"/>
</kw>
<kw name="Should Be Equal As Strings" library="BuiltIn">
<arg>${VAR_SCREEN_NAME}</arg>
<arg>${DATA_INTER_ACC_TRANSF_NAME}</arg>
<doc>Fails if objects are unequal after converting them to strings.</doc>
<status status="PASS" starttime="20211021 13:01:28.304" endtime="20211021 13:01:28.305"/>
</kw>
<kw name="Set Selenium Speed" library="SeleniumLibrary">
<arg>0</arg>
<doc>Sets the delay that is waited after each Selenium command.</doc>
<status status="PASS" starttime="20211021 13:01:28.305" endtime="20211021 13:01:28.305"/>
</kw>
<kw name="Wait Until Element Is Visible" library="SeleniumLibrary">
<arg>${MAP_INTER_ACC_TRANSF_MAIN_ORIGIN_ACCOUNT_LIST}</arg>
<arg>10</arg>
<doc>Waits until the element ``locator`` is visible.</doc>
<status status="PASS" starttime="20211021 13:01:28.306" endtime="20211021 13:01:28.323"/>
</kw>
<kw name="Click Element" library="SeleniumLibrary">
<arg>${MAP_INTER_ACC_TRANSF_MAIN_ORIGIN_ACCOUNT_LIST}</arg>
<doc>Click the element identified by ``locator``.</doc>
<msg timestamp="20211021 13:01:28.324" level="INFO">Clicking element 'xpath://span[@class="ng-arrow-wrapper"]'.</msg>
<status status="PASS" starttime="20211021 13:01:28.323" endtime="20211021 13:01:28.617"/>
</kw>
<kw name="Wait Until Element Is Visible" library="SeleniumLibrary">
<arg>${MAP_INTER_ACC_TRANSF_MAIN_FIRST_ORIGIN_ACCOUNT}</arg>
<arg>10</arg>
<doc>Waits until the element ``locator`` is visible.</doc>
<status status="PASS" starttime="20211021 13:01:28.617" endtime="20211021 13:01:28.637"/>
</kw>
<kw name="Click Element" library="SeleniumLibrary">
<arg>${MAP_INTER_ACC_TRANSF_MAIN_FIRST_ORIGIN_ACCOUNT}</arg>
<doc>Click the element identified by ``locator``.</doc>
<msg timestamp="20211021 13:01:28.637" level="INFO">Clicking element 'xpath://div[@class="bb-product-item bb-product-item-basic-account-ui product-item"]//div//div//div//div[1]//div[2]//bb-ellipsis-ui/div'.</msg>
<status status="PASS" starttime="20211021 13:01:28.637" endtime="20211021 13:01:28.905"/>
</kw>
<kw name="Wait Until Element Is Visible" library="SeleniumLibrary">
<arg>${MAP_INTER_ACC_TRANSF_MAIN_ORIGIN_ACCOUNT_SELECTED}</arg>
<arg>10</arg>
<doc>Waits until the element ``locator`` is visible.</doc>
<status status="PASS" starttime="20211021 13:01:28.906" endtime="20211021 13:01:28.940"/>
</kw>
<kw name="Get Text" library="SeleniumLibrary">
<var>${VAR_INTER_ACC_TRANSF_MAIN_ORIGIN_ACCOUNT_SELECTED}</var>
<arg>${MAP_INTER_ACC_TRANSF_MAIN_ORIGIN_ACCOUNT_SELECTED}</arg>
<doc>Returns the text value of the element identified by ``locator``.</doc>
<msg timestamp="20211021 13:01:28.955" level="INFO">${VAR_INTER_ACC_TRANSF_MAIN_ORIGIN_ACCOUNT_SELECTED} = PT50 0035 0325 0090 0884 0303 5</msg>
<status status="PASS" starttime="20211021 13:01:28.940" endtime="20211021 13:01:28.955"/>
</kw>
<kw name="Set Suite Variable" library="BuiltIn">
<arg>${VAR_INTER_ACC_TRANSF_MAIN_ORIGIN_ACCOUNT_SELECTED}</arg>
<doc>Makes a variable available everywhere within the scope of the current suite.</doc>
<msg timestamp="20211021 13:01:28.956" level="INFO">${VAR_INTER_ACC_TRANSF_MAIN_ORIGIN_ACCOUNT_SELECTED} = PT50 0035 0325 0090 0884 0303 5</msg>
<status status="PASS" starttime="20211021 13:01:28.955" endtime="20211021 13:01:28.956"/>
</kw>
<kw name="Wait Until Element Is Visible" library="SeleniumLibrary">
<arg>${MAP_INTER_ACC_TRANSF_MAIN_DESTINATION_ACCOUNT_LIST}</arg>
<arg>10</arg>
<doc>Waits until the element ``locator`` is visible.</doc>
<status status="PASS" starttime="20211021 13:01:28.956" endtime="20211021 13:01:28.972"/>
</kw>
<kw name="Click Element" library="SeleniumLibrary">
<arg>${MAP_INTER_ACC_TRANSF_MAIN_DESTINATION_ACCOUNT_LIST}</arg>
<doc>Click the element identified by ``locator``.</doc>
<msg timestamp="20211021 13:01:28.973" level="INFO">Clicking element 'xpath://button[@class="dropdown-toggle btn-outline-secondary btn btn-md"]'.</msg>
<status status="PASS" starttime="20211021 13:01:28.973" endtime="20211021 13:01:29.205"/>
</kw>
<kw name="Wait Until Element Is Visible" library="SeleniumLibrary">
<arg>${MAP_INTER_ACC_TRANSF_MAIN_DESTINATION_ACCOUNT_SELECTED}</arg>
<arg>10</arg>
<doc>Waits until the element ``locator`` is visible.</doc>
<status status="PASS" starttime="20211021 13:01:29.206" endtime="20211021 13:01:29.226"/>
</kw>
<kw name="Click Element" library="SeleniumLibrary">
<arg>${MAP_INTER_ACC_TRANSF_MAIN_DESTINATION_ACCOUNT_SELECTED}</arg>
<doc>Click the element identified by ``locator``.</doc>
<msg timestamp="20211021 13:01:29.227" level="INFO">Clicking element 'xpath://bb-beneficiary-selector-contact[1]//button[@type="button"]'.</msg>
<status status="PASS" starttime="20211021 13:01:29.226" endtime="20211021 13:01:29.507"/>
</kw>
<kw name="Wait Until Element Is Visible" library="SeleniumLibrary">
<arg>${MAP_INTER_ACC_TRANSF_MAIN_DESTINATION_ACCOUNT_IBAN}</arg>
<arg>10</arg>
<doc>Waits until the element ``locator`` is visible.</doc>
<status status="PASS" starttime="20211021 13:01:29.507" endtime="20211021 13:01:29.524"/>
</kw>
<kw name="Get Value" library="SeleniumLibrary">
<var>${VAR_INTER_ACC_TRANSF_MAIN_DESTINATION_ACCOUNT_IBAN}</var>
<arg>${MAP_INTER_ACC_TRANSF_MAIN_DESTINATION_ACCOUNT_IBAN}</arg>
<doc>Returns the value attribute of the element identified by ``locator``.</doc>
<msg timestamp="20211021 13:01:29.533" level="INFO">${VAR_INTER_ACC_TRANSF_MAIN_DESTINATION_ACCOUNT_IBAN} = PT50 0027 0000 0001 2345 6783 3</msg>
<status status="PASS" starttime="20211021 13:01:29.524" endtime="20211021 13:01:29.533"/>
</kw>
<kw name="Set Suite Variable" library="BuiltIn">
<arg>${VAR_INTER_ACC_TRANSF_MAIN_DESTINATION_ACCOUNT_IBAN}</arg>
<doc>Makes a variable available everywhere within the scope of the current suite.</doc>
<msg timestamp="20211021 13:01:29.533" level="INFO">${VAR_INTER_ACC_TRANSF_MAIN_DESTINATION_ACCOUNT_IBAN} = PT50 0027 0000 0001 2345 6783 3</msg>
<status status="PASS" starttime="20211021 13:01:29.533" endtime="20211021 13:01:29.533"/>
</kw>
<kw name="Wait Until Element Is Visible" library="SeleniumLibrary">
<arg>${MAP_INTER_ACC_TRANSF_MAIN_ALERT_MSG}</arg>
<arg>10</arg>
<doc>Waits until the element ``locator`` is visible.</doc>
<status status="PASS" starttime="20211021 13:01:29.533" endtime="20211021 13:01:29.548"/>
</kw>
<kw name="Wait Until Element Is Visible" library="SeleniumLibrary">
<arg>${MAP_INTER_ACC_TRANSF_MAIN_INTEGER_AMOUNT}</arg>
<arg>10</arg>
<doc>Waits until the element ``locator`` is visible.</doc>
<status status="PASS" starttime="20211021 13:01:29.548" endtime="20211021 13:01:29.563"/>
</kw>
<kw name="Input Text" library="SeleniumLibrary">
<arg>${MAP_INTER_ACC_TRANSF_MAIN_INTEGER_AMOUNT}</arg>
<arg>${DATA_INTER_ACC_TRANSF_MAIN_INTEGER_AMOUNT}</arg>
<doc>Types the given ``text`` into the text field identified by ``locator``.</doc>
<msg timestamp="20211021 13:01:29.563" level="INFO">Typing text '1000' into text field 'xpath://input[@id="bb_element_14"]'.</msg>
<status status="PASS" starttime="20211021 13:01:29.563" endtime="20211021 13:01:29.631"/>
</kw>
<kw name="Wait Until Element Is Visible" library="SeleniumLibrary">
<arg>${MAP_INTER_ACC_TRANSF_MAIN_DECIMAL_AMOUNT}</arg>
<arg>10</arg>
<doc>Waits until the element ``locator`` is visible.</doc>
<status status="PASS" starttime="20211021 13:01:29.632" endtime="20211021 13:01:29.644"/>
</kw>
<kw name="Input Text" library="SeleniumLibrary">
<arg>${MAP_INTER_ACC_TRANSF_MAIN_DECIMAL_AMOUNT}</arg>
<arg>${DATA_INTER_ACC_TRANSF_MAIN_DECIMAL_AMOUNT}</arg>
<doc>Types the given ``text`` into the text field identified by ``locator``.</doc>
<msg timestamp="20211021 13:01:29.645" level="INFO">Typing text '50' into text field 'xpath://input[@id="bb_element_12"]'.</msg>
<status status="PASS" starttime="20211021 13:01:29.645" endtime="20211021 13:01:29.691"/>
</kw>
<kw name="Wait Until Element Is Visible" library="SeleniumLibrary">
<arg>${MAP_INTER_ACC_TRANSF_MAIN_DESCRIPTION}</arg>
<arg>10</arg>
<doc>Waits until the element ``locator`` is visible.</doc>
<status status="PASS" starttime="20211021 13:01:29.691" endtime="20211021 13:01:29.706"/>
</kw>
<kw name="Input Text" library="SeleniumLibrary">
<arg>${MAP_INTER_ACC_TRANSF_MAIN_DESCRIPTION}</arg>
<arg>${DATA_INTER_ACC_TRANSF_MAIN_DESCRIPTION}</arg>
<doc>Types the given ``text`` into the text field identified by ``locator``.</doc>
<msg timestamp="20211021 13:01:29.707" level="INFO">Typing text 'TRANSFER DESCRIPTION' into text field 'xpath://textarea[@id="bb_input_5"]'.</msg>
<status status="PASS" starttime="20211021 13:01:29.706" endtime="20211021 13:01:29.895"/>
</kw>
<kw name="Wait Until Element Is Visible" library="SeleniumLibrary">
<arg>${MAP_INTER_ACC_TRANSF_MAIN_NORMAL_TRANSF_TYPE}</arg>
<arg>10</arg>
<doc>Waits until the element ``locator`` is visible.</doc>
<status status="PASS" starttime="20211021 13:01:29.896" endtime="20211021 13:01:29.991"/>
</kw>
<kw name="Click Element" library="SeleniumLibrary">
<arg>${MAP_INTER_ACC_TRANSF_MAIN_NORMAL_TRANSF_TYPE}</arg>
<doc>Click the element identified by ``locator``.</doc>
<msg timestamp="20211021 13:01:29.992" level="INFO">Clicking element 'xpath://input[@value="normal"]//ancestor::label[@data-role="radio-group-option"]'.</msg>
<status status="PASS" starttime="20211021 13:01:29.991" endtime="20211021 13:01:30.228"/>
</kw>
<kw name="Wait Until Element Is Visible" library="SeleniumLibrary">
<arg>${MAP_INTER_ACC_TRANSF_MAIN_SCHEDULED_DATE}</arg>
<arg>10</arg>
<doc>Waits until the element ``locator`` is visible.</doc>
<status status="PASS" starttime="20211021 13:01:30.228" endtime="20211021 13:01:30.244"/>
</kw>
<kw name="Input Text" library="SeleniumLibrary">
<arg>${MAP_INTER_ACC_TRANSF_MAIN_SCHEDULED_DATE}</arg>
<arg>${DATA_INTER_ACC_TRANSF_MAIN_SCHEDULED_DATE}</arg>
<doc>Types the given ``text`` into the text field identified by ``locator``.</doc>
<msg timestamp="20211021 13:01:30.245" level="INFO">Typing text '26-10-2021' into text field 'xpath://input[@id="bb_input_7"]'.</msg>
<status status="PASS" starttime="20211021 13:01:30.244" endtime="20211021 13:01:30.360"/>
</kw>
<status status="PASS" starttime="20211021 13:01:24.056" endtime="20211021 13:01:30.360"/>
</kw>
<kw name="When I confirm the International Account transfer form" library="TransfersPage_steps">
<kw name="Wait Until Element Is Visible" library="SeleniumLibrary">
<arg>${MAP_INTER_ACC_TRANSF_MAIN_CONFIRMATION_BUTTON}</arg>
<arg>10</arg>
<doc>Waits until the element ``locator`` is visible.</doc>
<status status="PASS" starttime="20211021 13:01:30.360" endtime="20211021 13:01:30.380"/>
</kw>
<kw name="Click Element" library="SeleniumLibrary">
<arg>${MAP_INTER_ACC_TRANSF_MAIN_CONFIRMATION_BUTTON}</arg>
<doc>Click the element identified by ``locator``.</doc>
<msg timestamp="20211021 13:01:30.380" level="INFO">Clicking element 'xpath://span[@class="bb-load-button__content"]'.</msg>
<status status="PASS" starttime="20211021 13:01:30.380" endtime="20211021 13:01:30.632"/>
</kw>
<kw name="Verify if the values on the International Account review page are the same as the IACC main page" library="TransfersPage_keywords">
<kw name="Wait Until Element Is Visible" library="SeleniumLibrary">
<arg>${MAP_INTER_ACC_TRANSF_REVIEW_IBAN_FROM}</arg>
<arg>10</arg>
<doc>Waits until the element ``locator`` is visible.</doc>
<status status="PASS" starttime="20211021 13:01:30.633" endtime="20211021 13:01:34.542"/>
</kw>
<kw name="Get Text" library="SeleniumLibrary">
<var>${VAR_INTER_ACC_TRANSF_REVIEW_IBAN_FROM}</var>
<arg>${MAP_INTER_ACC_TRANSF_REVIEW_IBAN_FROM}</arg>
<doc>Returns the text value of the element identified by ``locator``.</doc>
<msg timestamp="20211021 13:01:34.554" level="INFO">${VAR_INTER_ACC_TRANSF_REVIEW_IBAN_FROM} = PT50 0035 0325 0090 0884 0303 5</msg>
<status status="PASS" starttime="20211021 13:01:34.543" endtime="20211021 13:01:34.554"/>
</kw>
<kw name="Should Be Equal As Strings" library="BuiltIn">
<arg>${VAR_INTER_ACC_TRANSF_REVIEW_IBAN_FROM}</arg>
<arg>${VAR_INTER_ACC_TRANSF_MAIN_ORIGIN_ACCOUNT_SELECTED}</arg>
<doc>Fails if objects are unequal after converting them to strings.</doc>
<status status="PASS" starttime="20211021 13:01:34.555" endtime="20211021 13:01:34.555"/>
</kw>
<kw name="Wait Until Element Is Visible" library="SeleniumLibrary">
<arg>${MAP_INTER_ACC_TRANSF_REVIEW_IBAN_DESTINATION}</arg>
<arg>10</arg>
<doc>Waits until the element ``locator`` is visible.</doc>
<status status="PASS" starttime="20211021 13:01:34.555" endtime="20211021 13:01:34.569"/>
</kw>
<kw name="Get Text" library="SeleniumLibrary">
<var>${VAR_INTER_ACC_TRANSF_REVIEW_IBAN_DESTINATION}</var>
<arg>${MAP_INTER_ACC_TRANSF_REVIEW_IBAN_DESTINATION}</arg>
<doc>Returns the text value of the element identified by ``locator``.</doc>
<msg timestamp="20211021 13:01:34.581" level="INFO">${VAR_INTER_ACC_TRANSF_REVIEW_IBAN_DESTINATION} = PT50 0035 0325 0090 0884 0303 5</msg>
<status status="PASS" starttime="20211021 13:01:34.569" endtime="20211021 13:01:34.581"/>
</kw>
<kw name="Should Be Equal As Strings" library="BuiltIn">
<arg>${VAR_INTER_ACC_TRANSF_REVIEW_IBAN_DESTINATION}</arg>
<arg>${VAR_INTER_ACC_TRANSF_MAIN_ORIGIN_ACCOUNT_SELECTED}</arg>
<doc>Fails if objects are unequal after converting them to strings.</doc>
<status status="PASS" starttime="20211021 13:01:34.581" endtime="20211021 13:01:34.581"/>
</kw>
<kw name="Wait Until Element Is Visible" library="SeleniumLibrary">
<arg>${MAP_INTER_ACC_TRANSF_REVIEW_INTEGER_AMOUNT}</arg>
<arg>10</arg>
<doc>Waits until the element ``locator`` is visible.</doc>
<status status="PASS" starttime="20211021 13:01:34.581" endtime="20211021 13:01:34.595"/>
</kw>
<kw name="Get Text" library="SeleniumLibrary">
<var>${VAR_INTER_ACC_TRANSF_REVIEW_INTEGER_AMOUNT}</var>
<arg>${MAP_INTER_ACC_TRANSF_REVIEW_INTEGER_AMOUNT}</arg>
<doc>Returns the text value of the element identified by ``locator``.</doc>
<msg timestamp="20211021 13:01:34.605" level="INFO">${VAR_INTER_ACC_TRANSF_REVIEW_INTEGER_AMOUNT} = 1.000</msg>
<status status="PASS" starttime="20211021 13:01:34.595" endtime="20211021 13:01:34.605"/>
</kw>
<kw name="Remove String" library="String">
<var>${VAR_INTER_ACC_TRANSF_REVIEW_INTEGER_AMOUNT}</var>
<arg>${VAR_INTER_ACC_TRANSF_REVIEW_INTEGER_AMOUNT}</arg>
<arg>.</arg>
<doc>Removes all ``removables`` from the given ``string``.</doc>
<msg timestamp="20211021 13:01:34.606" level="INFO">${VAR_INTER_ACC_TRANSF_REVIEW_INTEGER_AMOUNT} = 1000</msg>
<status status="PASS" starttime="20211021 13:01:34.605" endtime="20211021 13:01:34.606"/>
</kw>
<kw name="Should Be Equal As Strings" library="BuiltIn">
<arg>${VAR_INTER_ACC_TRANSF_REVIEW_INTEGER_AMOUNT}</arg>
<arg>${DATA_INTER_ACC_TRANSF_MAIN_INTEGER_AMOUNT}</arg>
<doc>Fails if objects are unequal after converting them to strings.</doc>
<status status="PASS" starttime="20211021 13:01:34.606" endtime="20211021 13:01:34.606"/>
</kw>
<kw name="Wait Until Element Is Visible" library="SeleniumLibrary">
<arg>${MAP_INTER_ACC_TRANSF_REVIEW_DECIMAL_AMOUNT}</arg>
<arg>10</arg>
<doc>Waits until the element ``locator`` is visible.</doc>
<status status="PASS" starttime="20211021 13:01:34.606" endtime="20211021 13:01:34.620"/>
</kw>
<kw name="Get Text" library="SeleniumLibrary">
<var>${VAR_INTER_ACC_TRANSF_REVIEW_DECIMAL_AMOUNT}</var>
<arg>${MAP_INTER_ACC_TRANSF_REVIEW_DECIMAL_AMOUNT}</arg>
<doc>Returns the text value of the element identified by ``locator``.</doc>
<msg timestamp="20211021 13:01:34.629" level="INFO">${VAR_INTER_ACC_TRANSF_REVIEW_DECIMAL_AMOUNT} = 50</msg>
<status status="PASS" starttime="20211021 13:01:34.620" endtime="20211021 13:01:34.629"/>
</kw>
<kw name="Should Be Equal As Strings" library="BuiltIn">
<arg>${VAR_INTER_ACC_TRANSF_REVIEW_DECIMAL_AMOUNT}</arg>
<arg>${DATA_INTER_ACC_TRANSF_MAIN_DECIMAL_AMOUNT}</arg>
<doc>Fails if objects are unequal after converting them to strings.</doc>
<status status="PASS" starttime="20211021 13:01:34.629" endtime="20211021 13:01:34.630"/>
</kw>
<kw name="Wait Until Element Is Visible" library="SeleniumLibrary">
<arg>${MAP_INTER_ACC_TRANSF_REVIEW_DESCRIPTION}</arg>
<arg>10</arg>
<doc>Waits until the element ``locator`` is visible.</doc>
<status status="PASS" starttime="20211021 13:01:34.630" endtime="20211021 13:01:34.643"/>
</kw>
<kw name="Get Text" library="SeleniumLibrary">
<var>${VAR_INTER_ACC_TRANSF_REVIEW_DESCRIPTION}</var>
<arg>${MAP_INTER_ACC_TRANSF_REVIEW_DESCRIPTION}</arg>
<doc>Returns the text value of the element identified by ``locator``.</doc>
<msg timestamp="20211021 13:01:34.653" level="INFO">${VAR_INTER_ACC_TRANSF_REVIEW_DESCRIPTION} = TRANSFER DESCRIPTION</msg>
<status status="PASS" starttime="20211021 13:01:34.644" endtime="20211021 13:01:34.653"/>
</kw>
<kw name="Should Be Equal As Strings" library="BuiltIn">
<arg>${VAR_INTER_ACC_TRANSF_REVIEW_DESCRIPTION}</arg>
<arg>${DATA_INTER_ACC_TRANSF_MAIN_DESCRIPTION}</arg>
<doc>Fails if objects are unequal after converting them to strings.</doc>
<status status="PASS" starttime="20211021 13:01:34.653" endtime="20211021 13:01:34.653"/>
</kw>
<kw name="Wait Until Element Is Visible" library="SeleniumLibrary">
<arg>${MAP_INTER_ACC_TRANSF_REVIEW_TRANSF_TYPE}</arg>
<arg>10</arg>
<doc>Waits until the element ``locator`` is visible.</doc>
<status status="PASS" starttime="20211021 13:01:34.653" endtime="20211021 13:01:34.667"/>
</kw>
<kw name="Get Text" library="SeleniumLibrary">
<var>${VAR_INTER_ACC_TRANSF_REVIEW_TRANSF_TYPE}</var>
<arg>${MAP_INTER_ACC_TRANSF_REVIEW_TRANSF_TYPE}</arg>
<doc>Returns the text value of the element identified by ``locator``.</doc>
<msg timestamp="20211021 13:01:34.676" level="INFO">${VAR_INTER_ACC_TRANSF_REVIEW_TRANSF_TYPE} = Normal</msg>
<status status="PASS" starttime="20211021 13:01:34.667" endtime="20211021 13:01:34.676"/>
</kw>
<kw name="Should Be Equal As Strings" library="BuiltIn">
<arg>${VAR_INTER_ACC_TRANSF_REVIEW_TRANSF_TYPE}</arg>
<arg>Normal</arg>
<doc>Fails if objects are unequal after converting them to strings.</doc>
<status status="PASS" starttime="20211021 13:01:34.677" endtime="20211021 13:01:34.677"/>
</kw>
<kw name="Wait Until Element Is Visible" library="SeleniumLibrary">
<arg>${MAP_INTER_ACC_TRANSF_REVIEW_START_DATE}</arg>
<arg>10</arg>
<doc>Waits until the element ``locator`` is visible.</doc>
<status status="PASS" starttime="20211021 13:01:34.677" endtime="20211021 13:01:34.691"/>
</kw>
<kw name="Get Text" library="SeleniumLibrary">
<var>${VAR_INTER_ACC_TRANSF_REVIEW_START_DATE}</var>
<arg>${MAP_INTER_ACC_TRANSF_REVIEW_START_DATE}</arg>
<doc>Returns the text value of the element identified by ``locator``.</doc>
<msg timestamp="20211021 13:01:34.699" level="INFO">${VAR_INTER_ACC_TRANSF_REVIEW_START_DATE} = 26-10-2021</msg>
<status status="PASS" starttime="20211021 13:01:34.691" endtime="20211021 13:01:34.699"/>
</kw>
<kw name="Should Be Equal As Strings" library="BuiltIn">
<arg>${VAR_INTER_ACC_TRANSF_REVIEW_START_DATE}</arg>
<arg>${DATA_INTER_ACC_TRANSF_MAIN_SCHEDULED_DATE}</arg>
<doc>Fails if objects are unequal after converting them to strings.</doc>
<status status="PASS" starttime="20211021 13:01:34.700" endtime="20211021 13:01:34.700"/>
</kw>
<kw name="Wait Until Element Is Visible" library="SeleniumLibrary">
<arg>${MAP_INTER_ACC_TRANSF_REVIEW_END_DATE}</arg>
<arg>10</arg>
<doc>Waits until the element ``locator`` is visible.</doc>
<status status="PASS" starttime="20211021 13:01:34.700" endtime="20211021 13:01:34.714"/>
</kw>
<kw name="Get Text" library="SeleniumLibrary">
<var>${VAR_INTER_ACC_TRANSF_REVIEW_END_DATE}</var>
<arg>${MAP_INTER_ACC_TRANSF_REVIEW_END_DATE}</arg>
<doc>Returns the text value of the element identified by ``locator``.</doc>
<msg timestamp="20211021 13:01:34.723" level="INFO">${VAR_INTER_ACC_TRANSF_REVIEW_END_DATE} = 26-10-2021</msg>
<status status="PASS" starttime="20211021 13:01:34.714" endtime="20211021 13:01:34.723"/>
</kw>
<kw name="Should Be Equal As Strings" library="BuiltIn">
<arg>${VAR_INTER_ACC_TRANSF_REVIEW_END_DATE}</arg>
<arg>${DATA_INTER_ACC_TRANSF_MAIN_SCHEDULED_DATE}</arg>
<doc>Fails if objects are unequal after converting them to strings.</doc>
<status status="PASS" starttime="20211021 13:01:34.723" endtime="20211021 13:01:34.724"/>
</kw>
<status status="PASS" starttime="20211021 13:01:30.633" endtime="20211021 13:01:34.724"/>
</kw>
<status status="PASS" starttime="20211021 13:01:30.360" endtime="20211021 13:01:34.724"/>
</kw>
<kw name="And I submit the transfer on the review payment screen" library="TransfersPage_steps">
<kw name="Wait Until Element Is Visible" library="SeleniumLibrary">
<arg>${MAP_INTER_ACC_TRANSF_REVIEW_CONFIRMATION_BUTTON}</arg>
<arg>10</arg>
<doc>Waits until the element ``locator`` is visible.</doc>
<status status="PASS" starttime="20211021 13:01:34.724" endtime="20211021 13:01:34.738"/>
</kw>
<kw name="Click Element" library="SeleniumLibrary">
<arg>${MAP_INTER_ACC_TRANSF_REVIEW_CONFIRMATION_BUTTON}</arg>
<doc>Click the element identified by ``locator``.</doc>
<msg timestamp="20211021 13:01:34.739" level="INFO">Clicking element 'xpath://button[@class="bb-button-bar__button btn btn-primary btn-md"]'.</msg>
<status status="PASS" starttime="20211021 13:01:34.738" endtime="20211021 13:01:34.960"/>
</kw>
<status status="PASS" starttime="20211021 13:01:34.724" endtime="20211021 13:01:34.960"/>
</kw>
<kw name="Then I must be requested to inform the OTP validation code" library="OTPValidation_keywords">
<kw name="Set Selenium Speed" library="SeleniumLibrary">
<arg>1</arg>
<doc>Sets the delay that is waited after each Selenium command.</doc>
<status status="PASS" starttime="20211021 13:01:34.961" endtime="20211021 13:01:34.961"/>
</kw>
<kw name="Wait Until Element Is Visible" library="SeleniumLibrary">
<arg>${MAP_OTP_WINDOW_VALIDATION_CODE}</arg>
<arg>10</arg>
<doc>Waits until the element ``locator`` is visible.</doc>
<status status="PASS" starttime="20211021 13:01:34.961" endtime="20211021 13:01:39.405"/>
</kw>
<kw name="Input Text" library="SeleniumLibrary">
<arg>${MAP_OTP_WINDOW_VALIDATION_CODE}</arg>
<arg>${DATA_OTP_WINDOW_VALIDATION_CODE}</arg>
<doc>Types the given ``text`` into the text field identified by ``locator``.</doc>
<msg timestamp="20211021 13:01:39.407" level="INFO">Typing text '123456' into text field 'xpath://input[@id="bb_input_11"] | //input[@id="bb_input_14"] | //input[@id="bb_input_9"]'.</msg>
<status status="PASS" starttime="20211021 13:01:39.406" endtime="20211021 13:01:42.494"/>
</kw>
<kw name="Wait Until Element Is Visible" library="SeleniumLibrary">
<arg>${MAP_OTP_WINDOW_SUBMIT_CODE}</arg>
<arg>10</arg>
<doc>Waits until the element ``locator`` is visible.</doc>
<status status="PASS" starttime="20211021 13:01:42.495" endtime="20211021 13:01:44.518"/>
</kw>
<kw name="Click Element" library="SeleniumLibrary">
<arg>${MAP_OTP_WINDOW_SUBMIT_CODE}</arg>
<doc>Click the element identified by ``locator``.</doc>
<msg timestamp="20211021 13:01:44.520" level="INFO">Clicking element 'xpath://button[@type="submit"]'.</msg>
<status status="PASS" starttime="20211021 13:01:44.519" endtime="20211021 13:01:46.774"/>
</kw>
<kw name="Set Selenium Speed" library="SeleniumLibrary">
<arg>0</arg>
<doc>Sets the delay that is waited after each Selenium command.</doc>
<status status="PASS" starttime="20211021 13:01:46.774" endtime="20211021 13:01:46.774"/>
</kw>
<status status="PASS" starttime="20211021 13:01:34.961" endtime="20211021 13:01:46.775"/>
</kw>
<status status="PASS" starttime="20211021 13:01:15.430" endtime="20211021 13:01:46.775"/>
</test>
<status status="PASS" starttime="20211021 13:01:15.262" endtime="20211021 13:01:46.776"/>
</suite>
<statistics>
<total>
<stat pass="1" fail="0" skip="0">All Tests</stat>
</total>
<tag>
</tag>
<suite>
<stat pass="1" fail="0" skip="0" id="s1" name="Transfers">Transfers</stat>
</suite>
</statistics>
<errors>
</errors>
</robot>
